<?xml version="1.0" encoding="UTF-8"?>
<!-- Generated by org.testng.reporters.JUnitReportReporter -->
<testsuite hostname="Manishas-MacBook-Air.local" failures="0" tests="1" name="com.mycompany.jenkins_demo.SampleTest" time="0.004" errors="0" timestamp="2025-05-23T17:50:27 IST" skipped="0">
  <testcase classname="com.mycompany.jenkins_demo.SampleTest" name="testMethod" time="0.004"/>
  <system-out/>
</testsuite> <!-- com.mycompany.jenkins_demo.SampleTest -->
