<?xml version="1.0" encoding="UTF-8"?>
<!-- Generated by org.testng.reporters.JUnitReportReporter -->
<testsuite hostname="Manishas-MacBook-Air.local" failures="0" tests="1" name="com.mycompany.jenkins_demo.GoogleTestNew" time="7.568" errors="0" timestamp="2025-05-23T20:34:48 IST" skipped="0">
  <testcase classname="com.mycompany.jenkins_demo.GoogleTestNew" name="openGoogle" time="7.568"/>
  <system-out/>
</testsuite> <!-- com.mycompany.jenkins_demo.GoogleTestNew -->
